<?xml version="1.0" encoding="UTF-8"?>
<testsuite name="AnagramTest" tests="1" skipped="0" failures="0" errors="0" timestamp="2022-01-02T17:49:39" hostname="Seans-MacBook-Pro.local" time="0.05">
  <properties/>
  <testcase name="testCaseInsensitiveWhenBothAnagramAndSubjectStartWithUpperCaseLetter" classname="AnagramTest" time="0.05"/>
  <system-out><![CDATA[]]></system-out>
  <system-err><![CDATA[]]></system-err>
</testsuite>
