<?xml version="1.0" encoding="UTF-8"?>
<testsuite name="MatrixTest" tests="1" skipped="0" failures="0" errors="0" timestamp="2021-12-19T20:55:51" hostname="Seans-MacBook-Pro.local" time="0.007">
  <properties/>
  <testcase name="extractRowFromOneNumberMatrixTest" classname="MatrixTest" time="0.007"/>
  <system-out><![CDATA[]]></system-out>
  <system-err><![CDATA[]]></system-err>
</testsuite>
